2024-03-29T14:10:07.319-03:00  INFO 23392 --- [mscards] [main] com.douglas.mscards.MscardsApplication   : Starting MscardsApplication using Java 17.0.9 with PID 23392 (C:\Users\56181\Desktop\Projetos\DouglasProject\CipherCardProject\mscards\mscards\target\classes started by Douglas in C:\Users\56181\Desktop\Projetos\DouglasProject\CipherCardProject\mscards)
2024-03-29T14:10:07.320-03:00  INFO 23392 --- [mscards] [main] com.douglas.mscards.MscardsApplication   : No active profile set, falling back to 1 default profile: "default"
2024-03-29T14:10:08.312-03:00  INFO 23392 --- [mscards] [main] .s.d.r.c.RepositoryConfigurationDelegate : Bootstrapping Spring Data JPA repositories in DEFAULT mode.
2024-03-29T14:10:08.416-03:00  INFO 23392 --- [mscards] [main] .s.d.r.c.RepositoryConfigurationDelegate : Finished Spring Data repository scanning in 98 ms. Found 2 JPA repository interfaces.
2024-03-29T14:10:08.628-03:00  INFO 23392 --- [mscards] [main] o.s.cloud.context.scope.GenericScope     : BeanFactory id=2fb8789d-3a61-3a24-bf75-a7b6ffe2117b
2024-03-29T14:10:08.884-03:00  WARN 23392 --- [mscards] [main] trationDelegate$BeanPostProcessorChecker : Bean 'org.springframework.cloud.client.loadbalancer.LoadBalancerAutoConfiguration$RetryInterceptorAutoConfiguration' of type [org.springframework.cloud.client.loadbalancer.LoadBalancerAutoConfiguration$RetryInterceptorAutoConfiguration] is not eligible for getting processed by all BeanPostProcessors (for example: not eligible for auto-proxying). The currently created BeanPostProcessor [lbRestClientPostProcessor] is declared through a non-static factory method on that class; consider declaring it as static instead.
2024-03-29T14:10:08.889-03:00  WARN 23392 --- [mscards] [main] trationDelegate$BeanPostProcessorChecker : Bean 'org.springframework.cloud.loadbalancer.config.BlockingLoadBalancerClientAutoConfiguration' of type [org.springframework.cloud.loadbalancer.config.BlockingLoadBalancerClientAutoConfiguration] is not eligible for getting processed by all BeanPostProcessors (for example: not eligible for auto-proxying). Is this bean getting eagerly injected into a currently created BeanPostProcessor [lbRestClientPostProcessor]? Check the corresponding BeanPostProcessor declaration and its dependencies.
2024-03-29T14:10:08.891-03:00  WARN 23392 --- [mscards] [main] trationDelegate$BeanPostProcessorChecker : Bean 'org.springframework.cloud.loadbalancer.config.LoadBalancerAutoConfiguration' of type [org.springframework.cloud.loadbalancer.config.LoadBalancerAutoConfiguration] is not eligible for getting processed by all BeanPostProcessors (for example: not eligible for auto-proxying). Is this bean getting eagerly injected into a currently created BeanPostProcessor [lbRestClientPostProcessor]? Check the corresponding BeanPostProcessor declaration and its dependencies.
2024-03-29T14:10:08.899-03:00  WARN 23392 --- [mscards] [main] trationDelegate$BeanPostProcessorChecker : Bean 'org.springframework.cloud.commons.config.CommonsConfigAutoConfiguration' of type [org.springframework.cloud.commons.config.CommonsConfigAutoConfiguration] is not eligible for getting processed by all BeanPostProcessors (for example: not eligible for auto-proxying). Is this bean getting eagerly injected into a currently created BeanPostProcessor [lbRestClientPostProcessor]? Check the corresponding BeanPostProcessor declaration and its dependencies.
2024-03-29T14:10:08.901-03:00  WARN 23392 --- [mscards] [main] trationDelegate$BeanPostProcessorChecker : Bean 'org.springframework.cloud.client.loadbalancer.LoadBalancerDefaultMappingsProviderAutoConfiguration' of type [org.springframework.cloud.client.loadbalancer.LoadBalancerDefaultMappingsProviderAutoConfiguration] is not eligible for getting processed by all BeanPostProcessors (for example: not eligible for auto-proxying). Is this bean getting eagerly injected into a currently created BeanPostProcessor [lbRestClientPostProcessor]? Check the corresponding BeanPostProcessor declaration and its dependencies.
2024-03-29T14:10:08.902-03:00  WARN 23392 --- [mscards] [main] trationDelegate$BeanPostProcessorChecker : Bean 'loadBalancerClientsDefaultsMappingsProvider' of type [org.springframework.cloud.client.loadbalancer.LoadBalancerDefaultMappingsProviderAutoConfiguration$$Lambda$611/0x0000022371474eb8] is not eligible for getting processed by all BeanPostProcessors (for example: not eligible for auto-proxying). Is this bean getting eagerly injected into a currently created BeanPostProcessor [lbRestClientPostProcessor]? Check the corresponding BeanPostProcessor declaration and its dependencies.
2024-03-29T14:10:08.904-03:00  WARN 23392 --- [mscards] [main] trationDelegate$BeanPostProcessorChecker : Bean 'defaultsBindHandlerAdvisor' of type [org.springframework.cloud.commons.config.DefaultsBindHandlerAdvisor] is not eligible for getting processed by all BeanPostProcessors (for example: not eligible for auto-proxying). Is this bean getting eagerly injected into a currently created BeanPostProcessor [lbRestClientPostProcessor]? Check the corresponding BeanPostProcessor declaration and its dependencies.
2024-03-29T14:10:08.909-03:00  WARN 23392 --- [mscards] [main] trationDelegate$BeanPostProcessorChecker : Bean 'spring.cloud.loadbalancer-org.springframework.cloud.client.loadbalancer.LoadBalancerClientsProperties' of type [org.springframework.cloud.client.loadbalancer.LoadBalancerClientsProperties] is not eligible for getting processed by all BeanPostProcessors (for example: not eligible for auto-proxying). Is this bean getting eagerly injected into a currently created BeanPostProcessor [lbRestClientPostProcessor]? Check the corresponding BeanPostProcessor declaration and its dependencies.
2024-03-29T14:10:08.915-03:00  WARN 23392 --- [mscards] [main] trationDelegate$BeanPostProcessorChecker : Bean 'default.org.springframework.cloud.loadbalancer.config.LoadBalancerAutoConfiguration.LoadBalancerClientSpecification' of type [org.springframework.cloud.loadbalancer.annotation.LoadBalancerClientSpecification] is not eligible for getting processed by all BeanPostProcessors (for example: not eligible for auto-proxying). Is this bean getting eagerly injected into a currently created BeanPostProcessor [lbRestClientPostProcessor]? Check the corresponding BeanPostProcessor declaration and its dependencies.
2024-03-29T14:10:08.917-03:00  WARN 23392 --- [mscards] [main] trationDelegate$BeanPostProcessorChecker : Bean 'default.org.springframework.cloud.loadbalancer.config.BlockingLoadBalancerClientAutoConfiguration.LoadBalancerClientSpecification' of type [org.springframework.cloud.loadbalancer.annotation.LoadBalancerClientSpecification] is not eligible for getting processed by all BeanPostProcessors (for example: not eligible for auto-proxying). Is this bean getting eagerly injected into a currently created BeanPostProcessor [lbRestClientPostProcessor]? Check the corresponding BeanPostProcessor declaration and its dependencies.
2024-03-29T14:10:08.917-03:00  WARN 23392 --- [mscards] [main] trationDelegate$BeanPostProcessorChecker : Bean 'default.org.springframework.cloud.netflix.eureka.loadbalancer.LoadBalancerEurekaAutoConfiguration.LoadBalancerClientSpecification' of type [org.springframework.cloud.loadbalancer.annotation.LoadBalancerClientSpecification] is not eligible for getting processed by all BeanPostProcessors (for example: not eligible for auto-proxying). Is this bean getting eagerly injected into a currently created BeanPostProcessor [lbRestClientPostProcessor]? Check the corresponding BeanPostProcessor declaration and its dependencies.
2024-03-29T14:10:08.918-03:00  WARN 23392 --- [mscards] [main] trationDelegate$BeanPostProcessorChecker : Bean 'loadBalancerClientFactory' of type [org.springframework.cloud.loadbalancer.support.LoadBalancerClientFactory] is not eligible for getting processed by all BeanPostProcessors (for example: not eligible for auto-proxying). Is this bean getting eagerly injected into a currently created BeanPostProcessor [lbRestClientPostProcessor]? Check the corresponding BeanPostProcessor declaration and its dependencies.
2024-03-29T14:10:08.924-03:00  WARN 23392 --- [mscards] [main] trationDelegate$BeanPostProcessorChecker : Bean 'blockingLoadBalancerClient' of type [org.springframework.cloud.loadbalancer.blocking.client.BlockingLoadBalancerClient] is not eligible for getting processed by all BeanPostProcessors (for example: not eligible for auto-proxying). Is this bean getting eagerly injected into a currently created BeanPostProcessor [lbRestClientPostProcessor]? Check the corresponding BeanPostProcessor declaration and its dependencies.
2024-03-29T14:10:08.933-03:00  WARN 23392 --- [mscards] [main] trationDelegate$BeanPostProcessorChecker : Bean 'loadBalancerServiceInstanceCookieTransformer' of type [org.springframework.cloud.loadbalancer.core.LoadBalancerServiceInstanceCookieTransformer] is not eligible for getting processed by all BeanPostProcessors (for example: not eligible for auto-proxying). Is this bean getting eagerly injected into a currently created BeanPostProcessor [lbRestClientPostProcessor]? Check the corresponding BeanPostProcessor declaration and its dependencies.
2024-03-29T14:10:08.935-03:00  WARN 23392 --- [mscards] [main] trationDelegate$BeanPostProcessorChecker : Bean 'xForwarderHeadersTransformer' of type [org.springframework.cloud.loadbalancer.blocking.XForwardedHeadersTransformer] is not eligible for getting processed by all BeanPostProcessors (for example: not eligible for auto-proxying). Is this bean getting eagerly injected into a currently created BeanPostProcessor [lbRestClientPostProcessor]? Check the corresponding BeanPostProcessor declaration and its dependencies.
2024-03-29T14:10:08.936-03:00  WARN 23392 --- [mscards] [main] trationDelegate$BeanPostProcessorChecker : Bean 'org.springframework.cloud.client.loadbalancer.LoadBalancerAutoConfiguration' of type [org.springframework.cloud.client.loadbalancer.LoadBalancerAutoConfiguration] is not eligible for getting processed by all BeanPostProcessors (for example: not eligible for auto-proxying). Is this bean getting eagerly injected into a currently created BeanPostProcessor [lbRestClientPostProcessor]? Check the corresponding BeanPostProcessor declaration and its dependencies.
2024-03-29T14:10:08.939-03:00  WARN 23392 --- [mscards] [main] trationDelegate$BeanPostProcessorChecker : Bean 'loadBalancerRequestFactory' of type [org.springframework.cloud.client.loadbalancer.LoadBalancerRequestFactory] is not eligible for getting processed by all BeanPostProcessors (for example: not eligible for auto-proxying). Is this bean getting eagerly injected into a currently created BeanPostProcessor [lbRestClientPostProcessor]? Check the corresponding BeanPostProcessor declaration and its dependencies.
2024-03-29T14:10:08.941-03:00  WARN 23392 --- [mscards] [main] trationDelegate$BeanPostProcessorChecker : Bean 'org.springframework.cloud.loadbalancer.config.BlockingLoadBalancerClientAutoConfiguration$BlockingLoadBalancerRetryConfig' of type [org.springframework.cloud.loadbalancer.config.BlockingLoadBalancerClientAutoConfiguration$BlockingLoadBalancerRetryConfig$$SpringCGLIB$$0] is not eligible for getting processed by all BeanPostProcessors (for example: not eligible for auto-proxying). Is this bean getting eagerly injected into a currently created BeanPostProcessor [lbRestClientPostProcessor]? Check the corresponding BeanPostProcessor declaration and its dependencies.
2024-03-29T14:10:08.946-03:00  WARN 23392 --- [mscards] [main] trationDelegate$BeanPostProcessorChecker : Bean 'loadBalancedRetryFactory' of type [org.springframework.cloud.loadbalancer.blocking.retry.BlockingLoadBalancedRetryFactory] is not eligible for getting processed by all BeanPostProcessors (for example: not eligible for auto-proxying). Is this bean getting eagerly injected into a currently created BeanPostProcessor [lbRestClientPostProcessor]? Check the corresponding BeanPostProcessor declaration and its dependencies.
2024-03-29T14:10:08.951-03:00  WARN 23392 --- [mscards] [main] trationDelegate$BeanPostProcessorChecker : Bean 'loadBalancerInterceptor' of type [org.springframework.cloud.client.loadbalancer.RetryLoadBalancerInterceptor] is not eligible for getting processed by all BeanPostProcessors (for example: not eligible for auto-proxying). Is this bean getting eagerly injected into a currently created BeanPostProcessor [lbRestClientPostProcessor]? Check the corresponding BeanPostProcessor declaration and its dependencies.
2024-03-29T14:10:09.275-03:00  INFO 23392 --- [mscards] [main] o.s.b.w.embedded.tomcat.TomcatWebServer  : Tomcat initialized with port 0 (http)
2024-03-29T14:10:09.290-03:00  INFO 23392 --- [mscards] [main] o.apache.catalina.core.StandardService   : Starting service [Tomcat]
2024-03-29T14:10:09.290-03:00  INFO 23392 --- [mscards] [main] o.apache.catalina.core.StandardEngine    : Starting Servlet engine: [Apache Tomcat/10.1.19]
2024-03-29T14:10:09.388-03:00  INFO 23392 --- [mscards] [main] o.a.c.c.C.[Tomcat].[localhost].[/]       : Initializing Spring embedded WebApplicationContext
2024-03-29T14:10:09.389-03:00  INFO 23392 --- [mscards] [main] w.s.c.ServletWebServerApplicationContext : Root WebApplicationContext: initialization completed in 2024 ms
2024-03-29T14:10:09.777-03:00  INFO 23392 --- [mscards] [main] com.zaxxer.hikari.HikariDataSource       : HikariPool-1 - Starting...
2024-03-29T14:10:09.967-03:00  INFO 23392 --- [mscards] [main] com.zaxxer.hikari.pool.HikariPool        : HikariPool-1 - Added connection conn0: url=jdbc:h2:mem:3d31e644-82ab-4051-a8aa-094456ec3baf user=SA
2024-03-29T14:10:09.971-03:00  INFO 23392 --- [mscards] [main] com.zaxxer.hikari.HikariDataSource       : HikariPool-1 - Start completed.
2024-03-29T14:10:10.063-03:00  INFO 23392 --- [mscards] [main] o.hibernate.jpa.internal.util.LogHelper  : HHH000204: Processing PersistenceUnitInfo [name: default]
2024-03-29T14:10:10.127-03:00  INFO 23392 --- [mscards] [main] org.hibernate.Version                    : HHH000412: Hibernate ORM core version 6.4.4.Final
2024-03-29T14:10:10.166-03:00  INFO 23392 --- [mscards] [main] o.h.c.internal.RegionFactoryInitiator    : HHH000026: Second-level cache disabled
2024-03-29T14:10:10.500-03:00  INFO 23392 --- [mscards] [main] o.s.o.j.p.SpringPersistenceUnitInfo      : No LoadTimeWeaver setup: ignoring JPA class transformer
2024-03-29T14:10:11.124-03:00  INFO 23392 --- [mscards] [main] o.h.e.t.j.p.i.JtaPlatformInitiator       : HHH000489: No JTA platform available (set 'hibernate.transaction.jta.platform' to enable JTA platform integration)
2024-03-29T14:10:11.156-03:00  INFO 23392 --- [mscards] [main] j.LocalContainerEntityManagerFactoryBean : Initialized JPA EntityManagerFactory for persistence unit 'default'
2024-03-29T14:10:11.803-03:00  WARN 23392 --- [mscards] [main] JpaBaseConfiguration$JpaWebConfiguration : spring.jpa.open-in-view is enabled by default. Therefore, database queries may be performed during view rendering. Explicitly configure spring.jpa.open-in-view to disable this warning
2024-03-29T14:10:13.036-03:00  INFO 23392 --- [mscards] [main] DiscoveryClientOptionalArgsConfiguration : Eureka HTTP Client uses RestTemplate.
2024-03-29T14:10:13.054-03:00  WARN 23392 --- [mscards] [main] iguration$LoadBalancerCaffeineWarnLogger : Spring Cloud LoadBalancer is currently working with the default cache. While this cache implementation is useful for development and tests, it's recommended to use Caffeine cache in production.You can switch to using Caffeine cache, by adding it and org.springframework.cache.caffeine.CaffeineCacheManager to the classpath.
2024-03-29T14:10:13.059-03:00  INFO 23392 --- [mscards] [main] o.s.b.a.e.web.EndpointLinksResolver      : Exposing 17 endpoint(s) beneath base path '/actuator'
2024-03-29T14:10:13.153-03:00  INFO 23392 --- [mscards] [main] o.s.b.w.embedded.tomcat.TomcatWebServer  : Tomcat started on port 57597 (http) with context path ''
2024-03-29T14:10:13.155-03:00  INFO 23392 --- [mscards] [main] .s.c.n.e.s.EurekaAutoServiceRegistration : Updating port to 57597
2024-03-29T14:10:13.159-03:00  INFO 23392 --- [mscards] [main] o.s.c.n.eureka.InstanceInfoFactory       : Setting initial instance status as: STARTING
2024-03-29T14:10:13.210-03:00  INFO 23392 --- [mscards] [main] com.netflix.discovery.DiscoveryClient    : Initializing Eureka in region us-east-1
2024-03-29T14:10:13.213-03:00  INFO 23392 --- [mscards] [main] c.n.d.s.r.aws.ConfigClusterResolver      : Resolving eureka endpoints via configuration
2024-03-29T14:10:13.230-03:00  INFO 23392 --- [mscards] [main] com.netflix.discovery.DiscoveryClient    : Disable delta property : false
2024-03-29T14:10:13.231-03:00  INFO 23392 --- [mscards] [main] com.netflix.discovery.DiscoveryClient    : Single vip registry refresh property : null
2024-03-29T14:10:13.231-03:00  INFO 23392 --- [mscards] [main] com.netflix.discovery.DiscoveryClient    : Force full registry fetch : false
2024-03-29T14:10:13.231-03:00  INFO 23392 --- [mscards] [main] com.netflix.discovery.DiscoveryClient    : Application is null : false
2024-03-29T14:10:13.231-03:00  INFO 23392 --- [mscards] [main] com.netflix.discovery.DiscoveryClient    : Registered Applications size is zero : true
2024-03-29T14:10:13.231-03:00  INFO 23392 --- [mscards] [main] com.netflix.discovery.DiscoveryClient    : Application version is -1: true
2024-03-29T14:10:13.231-03:00  INFO 23392 --- [mscards] [main] com.netflix.discovery.DiscoveryClient    : Getting all instance registry info from the eureka server
2024-03-29T14:10:13.491-03:00  INFO 23392 --- [mscards] [main] com.netflix.discovery.DiscoveryClient    : The response status is 200
2024-03-29T14:10:13.493-03:00  INFO 23392 --- [mscards] [main] com.netflix.discovery.DiscoveryClient    : Starting heartbeat executor: renew interval is: 30
2024-03-29T14:10:13.495-03:00  INFO 23392 --- [mscards] [main] c.n.discovery.InstanceInfoReplicator     : InstanceInfoReplicator onDemand update allowed rate per min is 4
2024-03-29T14:10:13.498-03:00  INFO 23392 --- [mscards] [main] com.netflix.discovery.DiscoveryClient    : Discovery Client initialized at timestamp 1711732213497 with initial instances count: 3
2024-03-29T14:10:13.501-03:00  INFO 23392 --- [mscards] [main] o.s.c.n.e.s.EurekaServiceRegistry        : Registering application MSCARDS with eureka with status UP
2024-03-29T14:10:13.502-03:00  INFO 23392 --- [mscards] [main] com.netflix.discovery.DiscoveryClient    : Saw local status change event StatusChangeEvent [timestamp=1711732213502, current=UP, previous=STARTING]
2024-03-29T14:10:13.503-03:00  INFO 23392 --- [mscards] [DiscoveryClient-InstanceInfoReplicator-0] com.netflix.discovery.DiscoveryClient    : DiscoveryClient_MSCARDS/mscards:c8de4baee7001d7676ad1cab591458e7: registering service...
2024-03-29T14:10:13.530-03:00  INFO 23392 --- [mscards] [main] o.s.a.r.c.CachingConnectionFactory       : Attempting to connect to: [localhost:5672]
2024-03-29T14:10:13.562-03:00  INFO 23392 --- [mscards] [main] o.s.a.r.c.CachingConnectionFactory       : Created new connection: rabbitConnectionFactory#9223122:0/SimpleConnection@23707d5d [delegate=amqp://guest@127.0.0.1:5672/, localPort=57600]
2024-03-29T14:10:13.582-03:00  INFO 23392 --- [mscards] [DiscoveryClient-InstanceInfoReplicator-0] com.netflix.discovery.DiscoveryClient    : DiscoveryClient_MSCARDS/mscards:c8de4baee7001d7676ad1cab591458e7 - registration status: 204
2024-03-29T14:10:13.612-03:00  INFO 23392 --- [mscards] [main] com.douglas.mscards.MscardsApplication   : Started MscardsApplication in 6.741 seconds (process running for 7.091)
2024-03-29T14:15:13.243-03:00  INFO 23392 --- [mscards] [AsyncResolver-bootstrap-executor-0] c.n.d.s.r.aws.ConfigClusterResolver      : Resolving eureka endpoints via configuration
2024-03-29T14:16:04.003-03:00  INFO 23392 --- [mscards] [SpringApplicationShutdownHook] o.s.c.n.e.s.EurekaServiceRegistry        : Unregistering application MSCARDS with eureka with status DOWN
2024-03-29T14:16:04.004-03:00  INFO 23392 --- [mscards] [SpringApplicationShutdownHook] com.netflix.discovery.DiscoveryClient    : Saw local status change event StatusChangeEvent [timestamp=1711732564004, current=DOWN, previous=UP]
2024-03-29T14:16:04.004-03:00  INFO 23392 --- [mscards] [DiscoveryClient-InstanceInfoReplicator-0] com.netflix.discovery.DiscoveryClient    : DiscoveryClient_MSCARDS/mscards:c8de4baee7001d7676ad1cab591458e7: registering service...
2024-03-29T14:16:04.008-03:00  INFO 23392 --- [mscards] [org.springframework.amqp.rabbit.RabbitListenerEndpointContainer#0-2] o.s.a.r.l.SimpleMessageListenerContainer : Waiting for workers to finish.
2024-03-29T14:16:04.062-03:00  INFO 23392 --- [mscards] [DiscoveryClient-InstanceInfoReplicator-0] com.netflix.discovery.DiscoveryClient    : DiscoveryClient_MSCARDS/mscards:c8de4baee7001d7676ad1cab591458e7 - registration status: 204
2024-03-29T14:16:04.301-03:00  INFO 23392 --- [mscards] [org.springframework.amqp.rabbit.RabbitListenerEndpointContainer#0-2] o.s.a.r.l.SimpleMessageListenerContainer : Successfully waited for workers to finish.
2024-03-29T14:16:04.314-03:00  INFO 23392 --- [mscards] [SpringApplicationShutdownHook] j.LocalContainerEntityManagerFactoryBean : Closing JPA EntityManagerFactory for persistence unit 'default'
2024-03-29T14:16:04.319-03:00  INFO 23392 --- [mscards] [SpringApplicationShutdownHook] com.zaxxer.hikari.HikariDataSource       : HikariPool-1 - Shutdown initiated...
2024-03-29T14:16:04.320-03:00  INFO 23392 --- [mscards] [SpringApplicationShutdownHook] com.zaxxer.hikari.HikariDataSource       : HikariPool-1 - Shutdown completed.
2024-03-29T14:16:04.321-03:00  INFO 23392 --- [mscards] [SpringApplicationShutdownHook] com.netflix.discovery.DiscoveryClient    : Shutting down DiscoveryClient ...
2024-03-29T14:16:07.333-03:00  INFO 23392 --- [mscards] [SpringApplicationShutdownHook] com.netflix.discovery.DiscoveryClient    : Unregistering ...
2024-03-29T14:16:07.401-03:00  INFO 23392 --- [mscards] [SpringApplicationShutdownHook] com.netflix.discovery.DiscoveryClient    : DiscoveryClient_MSCARDS/mscards:c8de4baee7001d7676ad1cab591458e7 - deregister  status: 200
2024-03-29T14:16:07.404-03:00  INFO 23392 --- [mscards] [SpringApplicationShutdownHook] com.netflix.discovery.DiscoveryClient    : Completed shut down of DiscoveryClient
