2024-04-08T08:57:21.394-03:00  INFO 9568 --- [mscreditevaluator] [main] c.d.m.MscreditevaluatorApplication       : Starting MscreditevaluatorApplication using Java 17.0.9 with PID 9568 (C:\Users\56181\Desktop\Projetos\DouglasProject\CipherCardProject\cyphercard-project\mscreditevaluator\target\classes started by Douglas in C:\Users\56181\Desktop\Projetos\DouglasProject\CipherCardProject\cyphercard-project)
2024-04-08T08:57:21.396-03:00  INFO 9568 --- [mscreditevaluator] [main] c.d.m.MscreditevaluatorApplication       : No active profile set, falling back to 1 default profile: "default"
2024-04-08T08:57:22.435-03:00  INFO 9568 --- [mscreditevaluator] [main] o.s.cloud.context.scope.GenericScope     : BeanFactory id=d13fd61a-c34d-3e35-9ea1-e10e219def62
2024-04-08T08:57:22.621-03:00  WARN 9568 --- [mscreditevaluator] [main] trationDelegate$BeanPostProcessorChecker : Bean 'org.springframework.cloud.client.loadbalancer.LoadBalancerAutoConfiguration$RetryInterceptorAutoConfiguration' of type [org.springframework.cloud.client.loadbalancer.LoadBalancerAutoConfiguration$RetryInterceptorAutoConfiguration] is not eligible for getting processed by all BeanPostProcessors (for example: not eligible for auto-proxying). The currently created BeanPostProcessor [lbRestClientPostProcessor] is declared through a non-static factory method on that class; consider declaring it as static instead.
2024-04-08T08:57:22.624-03:00  WARN 9568 --- [mscreditevaluator] [main] trationDelegate$BeanPostProcessorChecker : Bean 'org.springframework.cloud.loadbalancer.config.BlockingLoadBalancerClientAutoConfiguration' of type [org.springframework.cloud.loadbalancer.config.BlockingLoadBalancerClientAutoConfiguration] is not eligible for getting processed by all BeanPostProcessors (for example: not eligible for auto-proxying). Is this bean getting eagerly injected into a currently created BeanPostProcessor [lbRestClientPostProcessor]? Check the corresponding BeanPostProcessor declaration and its dependencies.
2024-04-08T08:57:22.625-03:00  WARN 9568 --- [mscreditevaluator] [main] trationDelegate$BeanPostProcessorChecker : Bean 'org.springframework.cloud.loadbalancer.config.LoadBalancerAutoConfiguration' of type [org.springframework.cloud.loadbalancer.config.LoadBalancerAutoConfiguration] is not eligible for getting processed by all BeanPostProcessors (for example: not eligible for auto-proxying). Is this bean getting eagerly injected into a currently created BeanPostProcessor [lbRestClientPostProcessor]? Check the corresponding BeanPostProcessor declaration and its dependencies.
2024-04-08T08:57:22.640-03:00  WARN 9568 --- [mscreditevaluator] [main] trationDelegate$BeanPostProcessorChecker : Bean 'org.springframework.cloud.commons.config.CommonsConfigAutoConfiguration' of type [org.springframework.cloud.commons.config.CommonsConfigAutoConfiguration] is not eligible for getting processed by all BeanPostProcessors (for example: not eligible for auto-proxying). Is this bean getting eagerly injected into a currently created BeanPostProcessor [lbRestClientPostProcessor]? Check the corresponding BeanPostProcessor declaration and its dependencies.
2024-04-08T08:57:22.643-03:00  WARN 9568 --- [mscreditevaluator] [main] trationDelegate$BeanPostProcessorChecker : Bean 'org.springframework.cloud.client.loadbalancer.LoadBalancerDefaultMappingsProviderAutoConfiguration' of type [org.springframework.cloud.client.loadbalancer.LoadBalancerDefaultMappingsProviderAutoConfiguration] is not eligible for getting processed by all BeanPostProcessors (for example: not eligible for auto-proxying). Is this bean getting eagerly injected into a currently created BeanPostProcessor [lbRestClientPostProcessor]? Check the corresponding BeanPostProcessor declaration and its dependencies.
2024-04-08T08:57:22.644-03:00  WARN 9568 --- [mscreditevaluator] [main] trationDelegate$BeanPostProcessorChecker : Bean 'loadBalancerClientsDefaultsMappingsProvider' of type [org.springframework.cloud.client.loadbalancer.LoadBalancerDefaultMappingsProviderAutoConfiguration$$Lambda$497/0x000001fee33e7398] is not eligible for getting processed by all BeanPostProcessors (for example: not eligible for auto-proxying). Is this bean getting eagerly injected into a currently created BeanPostProcessor [lbRestClientPostProcessor]? Check the corresponding BeanPostProcessor declaration and its dependencies.
2024-04-08T08:57:22.646-03:00  WARN 9568 --- [mscreditevaluator] [main] trationDelegate$BeanPostProcessorChecker : Bean 'defaultsBindHandlerAdvisor' of type [org.springframework.cloud.commons.config.DefaultsBindHandlerAdvisor] is not eligible for getting processed by all BeanPostProcessors (for example: not eligible for auto-proxying). Is this bean getting eagerly injected into a currently created BeanPostProcessor [lbRestClientPostProcessor]? Check the corresponding BeanPostProcessor declaration and its dependencies.
2024-04-08T08:57:22.653-03:00  WARN 9568 --- [mscreditevaluator] [main] trationDelegate$BeanPostProcessorChecker : Bean 'spring.cloud.loadbalancer-org.springframework.cloud.client.loadbalancer.LoadBalancerClientsProperties' of type [org.springframework.cloud.client.loadbalancer.LoadBalancerClientsProperties] is not eligible for getting processed by all BeanPostProcessors (for example: not eligible for auto-proxying). Is this bean getting eagerly injected into a currently created BeanPostProcessor [lbRestClientPostProcessor]? Check the corresponding BeanPostProcessor declaration and its dependencies.
2024-04-08T08:57:22.660-03:00  WARN 9568 --- [mscreditevaluator] [main] trationDelegate$BeanPostProcessorChecker : Bean 'default.org.springframework.cloud.loadbalancer.config.LoadBalancerAutoConfiguration.LoadBalancerClientSpecification' of type [org.springframework.cloud.loadbalancer.annotation.LoadBalancerClientSpecification] is not eligible for getting processed by all BeanPostProcessors (for example: not eligible for auto-proxying). Is this bean getting eagerly injected into a currently created BeanPostProcessor [lbRestClientPostProcessor]? Check the corresponding BeanPostProcessor declaration and its dependencies.
2024-04-08T08:57:22.661-03:00  WARN 9568 --- [mscreditevaluator] [main] trationDelegate$BeanPostProcessorChecker : Bean 'default.org.springframework.cloud.loadbalancer.config.BlockingLoadBalancerClientAutoConfiguration.LoadBalancerClientSpecification' of type [org.springframework.cloud.loadbalancer.annotation.LoadBalancerClientSpecification] is not eligible for getting processed by all BeanPostProcessors (for example: not eligible for auto-proxying). Is this bean getting eagerly injected into a currently created BeanPostProcessor [lbRestClientPostProcessor]? Check the corresponding BeanPostProcessor declaration and its dependencies.
2024-04-08T08:57:22.662-03:00  WARN 9568 --- [mscreditevaluator] [main] trationDelegate$BeanPostProcessorChecker : Bean 'default.org.springframework.cloud.netflix.eureka.loadbalancer.LoadBalancerEurekaAutoConfiguration.LoadBalancerClientSpecification' of type [org.springframework.cloud.loadbalancer.annotation.LoadBalancerClientSpecification] is not eligible for getting processed by all BeanPostProcessors (for example: not eligible for auto-proxying). Is this bean getting eagerly injected into a currently created BeanPostProcessor [lbRestClientPostProcessor]? Check the corresponding BeanPostProcessor declaration and its dependencies.
2024-04-08T08:57:22.663-03:00  WARN 9568 --- [mscreditevaluator] [main] trationDelegate$BeanPostProcessorChecker : Bean 'loadBalancerClientFactory' of type [org.springframework.cloud.loadbalancer.support.LoadBalancerClientFactory] is not eligible for getting processed by all BeanPostProcessors (for example: not eligible for auto-proxying). Is this bean getting eagerly injected into a currently created BeanPostProcessor [lbRestClientPostProcessor]? Check the corresponding BeanPostProcessor declaration and its dependencies.
2024-04-08T08:57:22.667-03:00  WARN 9568 --- [mscreditevaluator] [main] trationDelegate$BeanPostProcessorChecker : Bean 'blockingLoadBalancerClient' of type [org.springframework.cloud.loadbalancer.blocking.client.BlockingLoadBalancerClient] is not eligible for getting processed by all BeanPostProcessors (for example: not eligible for auto-proxying). Is this bean getting eagerly injected into a currently created BeanPostProcessor [lbRestClientPostProcessor]? Check the corresponding BeanPostProcessor declaration and its dependencies.
2024-04-08T08:57:22.673-03:00  WARN 9568 --- [mscreditevaluator] [main] trationDelegate$BeanPostProcessorChecker : Bean 'loadBalancerServiceInstanceCookieTransformer' of type [org.springframework.cloud.loadbalancer.core.LoadBalancerServiceInstanceCookieTransformer] is not eligible for getting processed by all BeanPostProcessors (for example: not eligible for auto-proxying). Is this bean getting eagerly injected into a currently created BeanPostProcessor [lbRestClientPostProcessor]? Check the corresponding BeanPostProcessor declaration and its dependencies.
2024-04-08T08:57:22.675-03:00  WARN 9568 --- [mscreditevaluator] [main] trationDelegate$BeanPostProcessorChecker : Bean 'xForwarderHeadersTransformer' of type [org.springframework.cloud.loadbalancer.blocking.XForwardedHeadersTransformer] is not eligible for getting processed by all BeanPostProcessors (for example: not eligible for auto-proxying). Is this bean getting eagerly injected into a currently created BeanPostProcessor [lbRestClientPostProcessor]? Check the corresponding BeanPostProcessor declaration and its dependencies.
2024-04-08T08:57:22.676-03:00  WARN 9568 --- [mscreditevaluator] [main] trationDelegate$BeanPostProcessorChecker : Bean 'org.springframework.cloud.client.loadbalancer.LoadBalancerAutoConfiguration' of type [org.springframework.cloud.client.loadbalancer.LoadBalancerAutoConfiguration] is not eligible for getting processed by all BeanPostProcessors (for example: not eligible for auto-proxying). Is this bean getting eagerly injected into a currently created BeanPostProcessor [lbRestClientPostProcessor]? Check the corresponding BeanPostProcessor declaration and its dependencies.
2024-04-08T08:57:22.677-03:00  WARN 9568 --- [mscreditevaluator] [main] trationDelegate$BeanPostProcessorChecker : Bean 'loadBalancerRequestFactory' of type [org.springframework.cloud.client.loadbalancer.LoadBalancerRequestFactory] is not eligible for getting processed by all BeanPostProcessors (for example: not eligible for auto-proxying). Is this bean getting eagerly injected into a currently created BeanPostProcessor [lbRestClientPostProcessor]? Check the corresponding BeanPostProcessor declaration and its dependencies.
2024-04-08T08:57:22.679-03:00  WARN 9568 --- [mscreditevaluator] [main] trationDelegate$BeanPostProcessorChecker : Bean 'org.springframework.cloud.loadbalancer.config.BlockingLoadBalancerClientAutoConfiguration$BlockingLoadBalancerRetryConfig' of type [org.springframework.cloud.loadbalancer.config.BlockingLoadBalancerClientAutoConfiguration$BlockingLoadBalancerRetryConfig$$SpringCGLIB$$0] is not eligible for getting processed by all BeanPostProcessors (for example: not eligible for auto-proxying). Is this bean getting eagerly injected into a currently created BeanPostProcessor [lbRestClientPostProcessor]? Check the corresponding BeanPostProcessor declaration and its dependencies.
2024-04-08T08:57:22.681-03:00  WARN 9568 --- [mscreditevaluator] [main] trationDelegate$BeanPostProcessorChecker : Bean 'loadBalancedRetryFactory' of type [org.springframework.cloud.loadbalancer.blocking.retry.BlockingLoadBalancedRetryFactory] is not eligible for getting processed by all BeanPostProcessors (for example: not eligible for auto-proxying). Is this bean getting eagerly injected into a currently created BeanPostProcessor [lbRestClientPostProcessor]? Check the corresponding BeanPostProcessor declaration and its dependencies.
2024-04-08T08:57:22.685-03:00  WARN 9568 --- [mscreditevaluator] [main] trationDelegate$BeanPostProcessorChecker : Bean 'loadBalancerInterceptor' of type [org.springframework.cloud.client.loadbalancer.RetryLoadBalancerInterceptor] is not eligible for getting processed by all BeanPostProcessors (for example: not eligible for auto-proxying). Is this bean getting eagerly injected into a currently created BeanPostProcessor [lbRestClientPostProcessor]? Check the corresponding BeanPostProcessor declaration and its dependencies.
2024-04-08T08:57:22.910-03:00  INFO 9568 --- [mscreditevaluator] [main] o.s.b.w.embedded.tomcat.TomcatWebServer  : Tomcat initialized with port 0 (http)
2024-04-08T08:57:22.921-03:00  INFO 9568 --- [mscreditevaluator] [main] o.apache.catalina.core.StandardService   : Starting service [Tomcat]
2024-04-08T08:57:22.921-03:00  INFO 9568 --- [mscreditevaluator] [main] o.apache.catalina.core.StandardEngine    : Starting Servlet engine: [Apache Tomcat/10.1.19]
2024-04-08T08:57:22.993-03:00  INFO 9568 --- [mscreditevaluator] [main] o.a.c.c.C.[Tomcat].[localhost].[/]       : Initializing Spring embedded WebApplicationContext
2024-04-08T08:57:22.994-03:00  INFO 9568 --- [mscreditevaluator] [main] w.s.c.ServletWebServerApplicationContext : Root WebApplicationContext: initialization completed in 1558 ms
2024-04-08T08:57:23.481-03:00  INFO 9568 --- [mscreditevaluator] [main] o.s.c.openfeign.FeignClientFactoryBean   : For 'msclients' URL not provided. Will try picking an instance via load-balancing.
2024-04-08T08:57:23.534-03:00  INFO 9568 --- [mscreditevaluator] [main] o.s.c.openfeign.FeignClientFactoryBean   : For 'mscards' URL not provided. Will try picking an instance via load-balancing.
2024-04-08T08:57:24.794-03:00  INFO 9568 --- [mscreditevaluator] [main] DiscoveryClientOptionalArgsConfiguration : Eureka HTTP Client uses RestTemplate.
2024-04-08T08:57:24.813-03:00  WARN 9568 --- [mscreditevaluator] [main] iguration$LoadBalancerCaffeineWarnLogger : Spring Cloud LoadBalancer is currently working with the default cache. While this cache implementation is useful for development and tests, it's recommended to use Caffeine cache in production.You can switch to using Caffeine cache, by adding it and org.springframework.cache.caffeine.CaffeineCacheManager to the classpath.
2024-04-08T08:57:24.822-03:00  INFO 9568 --- [mscreditevaluator] [main] o.s.b.a.e.web.EndpointLinksResolver      : Exposing 17 endpoint(s) beneath base path '/actuator'
2024-04-08T08:57:24.886-03:00  INFO 9568 --- [mscreditevaluator] [main] o.s.b.w.embedded.tomcat.TomcatWebServer  : Tomcat started on port 51133 (http) with context path ''
2024-04-08T08:57:24.887-03:00  INFO 9568 --- [mscreditevaluator] [main] .s.c.n.e.s.EurekaAutoServiceRegistration : Updating port to 51133
2024-04-08T08:57:24.890-03:00  INFO 9568 --- [mscreditevaluator] [main] o.s.c.n.eureka.InstanceInfoFactory       : Setting initial instance status as: STARTING
2024-04-08T08:57:24.936-03:00  INFO 9568 --- [mscreditevaluator] [main] com.netflix.discovery.DiscoveryClient    : Initializing Eureka in region us-east-1
2024-04-08T08:57:24.939-03:00  INFO 9568 --- [mscreditevaluator] [main] c.n.d.s.r.aws.ConfigClusterResolver      : Resolving eureka endpoints via configuration
2024-04-08T08:57:24.953-03:00  INFO 9568 --- [mscreditevaluator] [main] com.netflix.discovery.DiscoveryClient    : Disable delta property : false
2024-04-08T08:57:24.953-03:00  INFO 9568 --- [mscreditevaluator] [main] com.netflix.discovery.DiscoveryClient    : Single vip registry refresh property : null
2024-04-08T08:57:24.953-03:00  INFO 9568 --- [mscreditevaluator] [main] com.netflix.discovery.DiscoveryClient    : Force full registry fetch : false
2024-04-08T08:57:24.953-03:00  INFO 9568 --- [mscreditevaluator] [main] com.netflix.discovery.DiscoveryClient    : Application is null : false
2024-04-08T08:57:24.953-03:00  INFO 9568 --- [mscreditevaluator] [main] com.netflix.discovery.DiscoveryClient    : Registered Applications size is zero : true
2024-04-08T08:57:24.953-03:00  INFO 9568 --- [mscreditevaluator] [main] com.netflix.discovery.DiscoveryClient    : Application version is -1: true
2024-04-08T08:57:24.953-03:00  INFO 9568 --- [mscreditevaluator] [main] com.netflix.discovery.DiscoveryClient    : Getting all instance registry info from the eureka server
2024-04-08T08:57:25.257-03:00  INFO 9568 --- [mscreditevaluator] [main] com.netflix.discovery.DiscoveryClient    : The response status is 200
2024-04-08T08:57:25.259-03:00  INFO 9568 --- [mscreditevaluator] [main] com.netflix.discovery.DiscoveryClient    : Starting heartbeat executor: renew interval is: 30
2024-04-08T08:57:25.261-03:00  INFO 9568 --- [mscreditevaluator] [main] c.n.discovery.InstanceInfoReplicator     : InstanceInfoReplicator onDemand update allowed rate per min is 4
2024-04-08T08:57:25.264-03:00  INFO 9568 --- [mscreditevaluator] [main] com.netflix.discovery.DiscoveryClient    : Discovery Client initialized at timestamp 1712577445263 with initial instances count: 0
2024-04-08T08:57:25.266-03:00  INFO 9568 --- [mscreditevaluator] [main] o.s.c.n.e.s.EurekaServiceRegistry        : Registering application MSCREDITEVALUATOR with eureka with status UP
2024-04-08T08:57:25.267-03:00  INFO 9568 --- [mscreditevaluator] [main] com.netflix.discovery.DiscoveryClient    : Saw local status change event StatusChangeEvent [timestamp=1712577445267, current=UP, previous=STARTING]
2024-04-08T08:57:25.268-03:00  INFO 9568 --- [mscreditevaluator] [DiscoveryClient-InstanceInfoReplicator-0] com.netflix.discovery.DiscoveryClient    : DiscoveryClient_MSCREDITEVALUATOR/mscreditevaluator:476961be7cffaaeede09a18359d8457b: registering service...
2024-04-08T08:57:25.304-03:00  INFO 9568 --- [mscreditevaluator] [main] c.d.m.MscreditevaluatorApplication       : Started MscreditevaluatorApplication in 4.327 seconds (process running for 4.632)
2024-04-08T08:57:25.392-03:00  INFO 9568 --- [mscreditevaluator] [DiscoveryClient-InstanceInfoReplicator-0] com.netflix.discovery.DiscoveryClient    : DiscoveryClient_MSCREDITEVALUATOR/mscreditevaluator:476961be7cffaaeede09a18359d8457b - registration status: 204
2024-04-08T08:57:55.268-03:00  INFO 9568 --- [mscreditevaluator] [DiscoveryClient-CacheRefreshExecutor-0] com.netflix.discovery.DiscoveryClient    : Disable delta property : false
2024-04-08T08:57:55.268-03:00  INFO 9568 --- [mscreditevaluator] [DiscoveryClient-CacheRefreshExecutor-0] com.netflix.discovery.DiscoveryClient    : Single vip registry refresh property : null
2024-04-08T08:57:55.268-03:00  INFO 9568 --- [mscreditevaluator] [DiscoveryClient-CacheRefreshExecutor-0] com.netflix.discovery.DiscoveryClient    : Force full registry fetch : false
2024-04-08T08:57:55.268-03:00  INFO 9568 --- [mscreditevaluator] [DiscoveryClient-CacheRefreshExecutor-0] com.netflix.discovery.DiscoveryClient    : Application is null : false
2024-04-08T08:57:55.269-03:00  INFO 9568 --- [mscreditevaluator] [DiscoveryClient-CacheRefreshExecutor-0] com.netflix.discovery.DiscoveryClient    : Registered Applications size is zero : true
2024-04-08T08:57:55.269-03:00  INFO 9568 --- [mscreditevaluator] [DiscoveryClient-CacheRefreshExecutor-0] com.netflix.discovery.DiscoveryClient    : Application version is -1: false
2024-04-08T08:57:55.269-03:00  INFO 9568 --- [mscreditevaluator] [DiscoveryClient-CacheRefreshExecutor-0] com.netflix.discovery.DiscoveryClient    : Getting all instance registry info from the eureka server
2024-04-08T08:57:55.343-03:00  INFO 9568 --- [mscreditevaluator] [DiscoveryClient-CacheRefreshExecutor-0] com.netflix.discovery.DiscoveryClient    : The response status is 200
2024-04-08T08:58:54.540-03:00  INFO 21800 --- [msclients] [main] c.douglas.msclient.MsclientApplication   : Starting MsclientApplication using Java 17.0.9 with PID 21800 (C:\Users\56181\Desktop\Projetos\DouglasProject\CipherCardProject\cyphercard-project\msclient\target\classes started by Douglas in C:\Users\56181\Desktop\Projetos\DouglasProject\CipherCardProject\cyphercard-project)
2024-04-08T08:58:54.542-03:00  INFO 21800 --- [msclients] [main] c.douglas.msclient.MsclientApplication   : No active profile set, falling back to 1 default profile: "default"
2024-04-08T08:58:55.464-03:00  INFO 21800 --- [msclients] [main] .s.d.r.c.RepositoryConfigurationDelegate : Bootstrapping Spring Data JPA repositories in DEFAULT mode.
2024-04-08T08:58:55.575-03:00  INFO 21800 --- [msclients] [main] .s.d.r.c.RepositoryConfigurationDelegate : Finished Spring Data repository scanning in 100 ms. Found 1 JPA repository interface.
2024-04-08T08:58:55.797-03:00  INFO 21800 --- [msclients] [main] o.s.cloud.context.scope.GenericScope     : BeanFactory id=5328c66c-bfd6-3bc6-b207-f4b15c48b484
2024-04-08T08:58:56.056-03:00  WARN 21800 --- [msclients] [main] trationDelegate$BeanPostProcessorChecker : Bean 'org.springframework.cloud.client.loadbalancer.LoadBalancerAutoConfiguration$LoadBalancerInterceptorConfig' of type [org.springframework.cloud.client.loadbalancer.LoadBalancerAutoConfiguration$LoadBalancerInterceptorConfig] is not eligible for getting processed by all BeanPostProcessors (for example: not eligible for auto-proxying). The currently created BeanPostProcessor [lbRestClientPostProcessor] is declared through a non-static factory method on that class; consider declaring it as static instead.
2024-04-08T08:58:56.058-03:00  WARN 21800 --- [msclients] [main] trationDelegate$BeanPostProcessorChecker : Bean 'org.springframework.cloud.loadbalancer.config.BlockingLoadBalancerClientAutoConfiguration' of type [org.springframework.cloud.loadbalancer.config.BlockingLoadBalancerClientAutoConfiguration] is not eligible for getting processed by all BeanPostProcessors (for example: not eligible for auto-proxying). Is this bean getting eagerly injected into a currently created BeanPostProcessor [lbRestClientPostProcessor]? Check the corresponding BeanPostProcessor declaration and its dependencies.
2024-04-08T08:58:56.060-03:00  WARN 21800 --- [msclients] [main] trationDelegate$BeanPostProcessorChecker : Bean 'org.springframework.cloud.loadbalancer.config.LoadBalancerAutoConfiguration' of type [org.springframework.cloud.loadbalancer.config.LoadBalancerAutoConfiguration] is not eligible for getting processed by all BeanPostProcessors (for example: not eligible for auto-proxying). Is this bean getting eagerly injected into a currently created BeanPostProcessor [lbRestClientPostProcessor]? Check the corresponding BeanPostProcessor declaration and its dependencies.
2024-04-08T08:58:56.068-03:00  WARN 21800 --- [msclients] [main] trationDelegate$BeanPostProcessorChecker : Bean 'org.springframework.cloud.commons.config.CommonsConfigAutoConfiguration' of type [org.springframework.cloud.commons.config.CommonsConfigAutoConfiguration] is not eligible for getting processed by all BeanPostProcessors (for example: not eligible for auto-proxying). Is this bean getting eagerly injected into a currently created BeanPostProcessor [lbRestClientPostProcessor]? Check the corresponding BeanPostProcessor declaration and its dependencies.
2024-04-08T08:58:56.070-03:00  WARN 21800 --- [msclients] [main] trationDelegate$BeanPostProcessorChecker : Bean 'org.springframework.cloud.client.loadbalancer.LoadBalancerDefaultMappingsProviderAutoConfiguration' of type [org.springframework.cloud.client.loadbalancer.LoadBalancerDefaultMappingsProviderAutoConfiguration] is not eligible for getting processed by all BeanPostProcessors (for example: not eligible for auto-proxying). Is this bean getting eagerly injected into a currently created BeanPostProcessor [lbRestClientPostProcessor]? Check the corresponding BeanPostProcessor declaration and its dependencies.
2024-04-08T08:58:56.071-03:00  WARN 21800 --- [msclients] [main] trationDelegate$BeanPostProcessorChecker : Bean 'loadBalancerClientsDefaultsMappingsProvider' of type [org.springframework.cloud.client.loadbalancer.LoadBalancerDefaultMappingsProviderAutoConfiguration$$Lambda$602/0x000002aa1b4672c0] is not eligible for getting processed by all BeanPostProcessors (for example: not eligible for auto-proxying). Is this bean getting eagerly injected into a currently created BeanPostProcessor [lbRestClientPostProcessor]? Check the corresponding BeanPostProcessor declaration and its dependencies.
2024-04-08T08:58:56.073-03:00  WARN 21800 --- [msclients] [main] trationDelegate$BeanPostProcessorChecker : Bean 'defaultsBindHandlerAdvisor' of type [org.springframework.cloud.commons.config.DefaultsBindHandlerAdvisor] is not eligible for getting processed by all BeanPostProcessors (for example: not eligible for auto-proxying). Is this bean getting eagerly injected into a currently created BeanPostProcessor [lbRestClientPostProcessor]? Check the corresponding BeanPostProcessor declaration and its dependencies.
2024-04-08T08:58:56.079-03:00  WARN 21800 --- [msclients] [main] trationDelegate$BeanPostProcessorChecker : Bean 'spring.cloud.loadbalancer-org.springframework.cloud.client.loadbalancer.LoadBalancerClientsProperties' of type [org.springframework.cloud.client.loadbalancer.LoadBalancerClientsProperties] is not eligible for getting processed by all BeanPostProcessors (for example: not eligible for auto-proxying). Is this bean getting eagerly injected into a currently created BeanPostProcessor [lbRestClientPostProcessor]? Check the corresponding BeanPostProcessor declaration and its dependencies.
2024-04-08T08:58:56.085-03:00  WARN 21800 --- [msclients] [main] trationDelegate$BeanPostProcessorChecker : Bean 'default.org.springframework.cloud.loadbalancer.config.LoadBalancerAutoConfiguration.LoadBalancerClientSpecification' of type [org.springframework.cloud.loadbalancer.annotation.LoadBalancerClientSpecification] is not eligible for getting processed by all BeanPostProcessors (for example: not eligible for auto-proxying). Is this bean getting eagerly injected into a currently created BeanPostProcessor [lbRestClientPostProcessor]? Check the corresponding BeanPostProcessor declaration and its dependencies.
2024-04-08T08:58:56.087-03:00  WARN 21800 --- [msclients] [main] trationDelegate$BeanPostProcessorChecker : Bean 'default.org.springframework.cloud.loadbalancer.config.BlockingLoadBalancerClientAutoConfiguration.LoadBalancerClientSpecification' of type [org.springframework.cloud.loadbalancer.annotation.LoadBalancerClientSpecification] is not eligible for getting processed by all BeanPostProcessors (for example: not eligible for auto-proxying). Is this bean getting eagerly injected into a currently created BeanPostProcessor [lbRestClientPostProcessor]? Check the corresponding BeanPostProcessor declaration and its dependencies.
2024-04-08T08:58:56.088-03:00  WARN 21800 --- [msclients] [main] trationDelegate$BeanPostProcessorChecker : Bean 'default.org.springframework.cloud.netflix.eureka.loadbalancer.LoadBalancerEurekaAutoConfiguration.LoadBalancerClientSpecification' of type [org.springframework.cloud.loadbalancer.annotation.LoadBalancerClientSpecification] is not eligible for getting processed by all BeanPostProcessors (for example: not eligible for auto-proxying). Is this bean getting eagerly injected into a currently created BeanPostProcessor [lbRestClientPostProcessor]? Check the corresponding BeanPostProcessor declaration and its dependencies.
2024-04-08T08:58:56.089-03:00  WARN 21800 --- [msclients] [main] trationDelegate$BeanPostProcessorChecker : Bean 'loadBalancerClientFactory' of type [org.springframework.cloud.loadbalancer.support.LoadBalancerClientFactory] is not eligible for getting processed by all BeanPostProcessors (for example: not eligible for auto-proxying). Is this bean getting eagerly injected into a currently created BeanPostProcessor [lbRestClientPostProcessor]? Check the corresponding BeanPostProcessor declaration and its dependencies.
2024-04-08T08:58:56.093-03:00  WARN 21800 --- [msclients] [main] trationDelegate$BeanPostProcessorChecker : Bean 'blockingLoadBalancerClient' of type [org.springframework.cloud.loadbalancer.blocking.client.BlockingLoadBalancerClient] is not eligible for getting processed by all BeanPostProcessors (for example: not eligible for auto-proxying). Is this bean getting eagerly injected into a currently created BeanPostProcessor [lbRestClientPostProcessor]? Check the corresponding BeanPostProcessor declaration and its dependencies.
2024-04-08T08:58:56.102-03:00  WARN 21800 --- [msclients] [main] trationDelegate$BeanPostProcessorChecker : Bean 'loadBalancerServiceInstanceCookieTransformer' of type [org.springframework.cloud.loadbalancer.core.LoadBalancerServiceInstanceCookieTransformer] is not eligible for getting processed by all BeanPostProcessors (for example: not eligible for auto-proxying). Is this bean getting eagerly injected into a currently created BeanPostProcessor [lbRestClientPostProcessor]? Check the corresponding BeanPostProcessor declaration and its dependencies.
2024-04-08T08:58:56.104-03:00  WARN 21800 --- [msclients] [main] trationDelegate$BeanPostProcessorChecker : Bean 'xForwarderHeadersTransformer' of type [org.springframework.cloud.loadbalancer.blocking.XForwardedHeadersTransformer] is not eligible for getting processed by all BeanPostProcessors (for example: not eligible for auto-proxying). Is this bean getting eagerly injected into a currently created BeanPostProcessor [lbRestClientPostProcessor]? Check the corresponding BeanPostProcessor declaration and its dependencies.
2024-04-08T08:58:56.105-03:00  WARN 21800 --- [msclients] [main] trationDelegate$BeanPostProcessorChecker : Bean 'org.springframework.cloud.client.loadbalancer.LoadBalancerAutoConfiguration' of type [org.springframework.cloud.client.loadbalancer.LoadBalancerAutoConfiguration] is not eligible for getting processed by all BeanPostProcessors (for example: not eligible for auto-proxying). Is this bean getting eagerly injected into a currently created BeanPostProcessor [lbRestClientPostProcessor]? Check the corresponding BeanPostProcessor declaration and its dependencies.
2024-04-08T08:58:56.107-03:00  WARN 21800 --- [msclients] [main] trationDelegate$BeanPostProcessorChecker : Bean 'loadBalancerRequestFactory' of type [org.springframework.cloud.client.loadbalancer.LoadBalancerRequestFactory] is not eligible for getting processed by all BeanPostProcessors (for example: not eligible for auto-proxying). Is this bean getting eagerly injected into a currently created BeanPostProcessor [lbRestClientPostProcessor]? Check the corresponding BeanPostProcessor declaration and its dependencies.
2024-04-08T08:58:56.109-03:00  WARN 21800 --- [msclients] [main] trationDelegate$BeanPostProcessorChecker : Bean 'loadBalancerInterceptor' of type [org.springframework.cloud.client.loadbalancer.LoadBalancerInterceptor] is not eligible for getting processed by all BeanPostProcessors (for example: not eligible for auto-proxying). Is this bean getting eagerly injected into a currently created BeanPostProcessor [lbRestClientPostProcessor]? Check the corresponding BeanPostProcessor declaration and its dependencies.
2024-04-08T08:58:56.414-03:00  INFO 21800 --- [msclients] [main] o.s.b.w.embedded.tomcat.TomcatWebServer  : Tomcat initialized with port 0 (http)
2024-04-08T08:58:56.428-03:00  INFO 21800 --- [msclients] [main] o.apache.catalina.core.StandardService   : Starting service [Tomcat]
2024-04-08T08:58:56.429-03:00  INFO 21800 --- [msclients] [main] o.apache.catalina.core.StandardEngine    : Starting Servlet engine: [Apache Tomcat/10.1.19]
2024-04-08T08:58:56.530-03:00  INFO 21800 --- [msclients] [main] o.a.c.c.C.[Tomcat].[localhost].[/]       : Initializing Spring embedded WebApplicationContext
2024-04-08T08:58:56.530-03:00  INFO 21800 --- [msclients] [main] w.s.c.ServletWebServerApplicationContext : Root WebApplicationContext: initialization completed in 1953 ms
2024-04-08T08:58:56.894-03:00  INFO 21800 --- [msclients] [main] com.zaxxer.hikari.HikariDataSource       : HikariPool-1 - Starting...
2024-04-08T08:58:57.093-03:00  INFO 21800 --- [msclients] [main] com.zaxxer.hikari.pool.HikariPool        : HikariPool-1 - Added connection conn0: url=jdbc:h2:mem:723a8421-ac82-4864-bd16-964e32d9886e user=SA
2024-04-08T08:58:57.096-03:00  INFO 21800 --- [msclients] [main] com.zaxxer.hikari.HikariDataSource       : HikariPool-1 - Start completed.
2024-04-08T08:58:57.165-03:00  INFO 21800 --- [msclients] [main] o.hibernate.jpa.internal.util.LogHelper  : HHH000204: Processing PersistenceUnitInfo [name: default]
2024-04-08T08:58:57.243-03:00  INFO 21800 --- [msclients] [main] org.hibernate.Version                    : HHH000412: Hibernate ORM core version 6.4.4.Final
2024-04-08T08:58:57.274-03:00  INFO 21800 --- [msclients] [main] o.h.c.internal.RegionFactoryInitiator    : HHH000026: Second-level cache disabled
2024-04-08T08:58:57.514-03:00  INFO 21800 --- [msclients] [main] o.s.o.j.p.SpringPersistenceUnitInfo      : No LoadTimeWeaver setup: ignoring JPA class transformer
2024-04-08T08:58:58.095-03:00  INFO 21800 --- [msclients] [main] o.h.e.t.j.p.i.JtaPlatformInitiator       : HHH000489: No JTA platform available (set 'hibernate.transaction.jta.platform' to enable JTA platform integration)
2024-04-08T08:58:58.118-03:00  INFO 21800 --- [msclients] [main] j.LocalContainerEntityManagerFactoryBean : Initialized JPA EntityManagerFactory for persistence unit 'default'
2024-04-08T08:58:58.646-03:00  WARN 21800 --- [msclients] [main] JpaBaseConfiguration$JpaWebConfiguration : spring.jpa.open-in-view is enabled by default. Therefore, database queries may be performed during view rendering. Explicitly configure spring.jpa.open-in-view to disable this warning
2024-04-08T08:58:59.668-03:00  INFO 21800 --- [msclients] [main] DiscoveryClientOptionalArgsConfiguration : Eureka HTTP Client uses RestTemplate.
2024-04-08T08:58:59.685-03:00  WARN 21800 --- [msclients] [main] iguration$LoadBalancerCaffeineWarnLogger : Spring Cloud LoadBalancer is currently working with the default cache. While this cache implementation is useful for development and tests, it's recommended to use Caffeine cache in production.You can switch to using Caffeine cache, by adding it and org.springframework.cache.caffeine.CaffeineCacheManager to the classpath.
2024-04-08T08:58:59.691-03:00  INFO 21800 --- [msclients] [main] o.s.b.a.e.web.EndpointLinksResolver      : Exposing 17 endpoint(s) beneath base path '/actuator'
2024-04-08T08:58:59.759-03:00  INFO 21800 --- [msclients] [main] o.s.b.w.embedded.tomcat.TomcatWebServer  : Tomcat started on port 51187 (http) with context path ''
2024-04-08T08:58:59.760-03:00  INFO 21800 --- [msclients] [main] .s.c.n.e.s.EurekaAutoServiceRegistration : Updating port to 51187
2024-04-08T08:58:59.764-03:00  INFO 21800 --- [msclients] [main] o.s.c.n.eureka.InstanceInfoFactory       : Setting initial instance status as: STARTING
2024-04-08T08:58:59.814-03:00  INFO 21800 --- [msclients] [main] com.netflix.discovery.DiscoveryClient    : Initializing Eureka in region us-east-1
2024-04-08T08:58:59.818-03:00  INFO 21800 --- [msclients] [main] c.n.d.s.r.aws.ConfigClusterResolver      : Resolving eureka endpoints via configuration
2024-04-08T08:58:59.835-03:00  INFO 21800 --- [msclients] [main] com.netflix.discovery.DiscoveryClient    : Disable delta property : false
2024-04-08T08:58:59.835-03:00  INFO 21800 --- [msclients] [main] com.netflix.discovery.DiscoveryClient    : Single vip registry refresh property : null
2024-04-08T08:58:59.835-03:00  INFO 21800 --- [msclients] [main] com.netflix.discovery.DiscoveryClient    : Force full registry fetch : false
2024-04-08T08:58:59.835-03:00  INFO 21800 --- [msclients] [main] com.netflix.discovery.DiscoveryClient    : Application is null : false
2024-04-08T08:58:59.835-03:00  INFO 21800 --- [msclients] [main] com.netflix.discovery.DiscoveryClient    : Registered Applications size is zero : true
2024-04-08T08:58:59.835-03:00  INFO 21800 --- [msclients] [main] com.netflix.discovery.DiscoveryClient    : Application version is -1: true
2024-04-08T08:58:59.835-03:00  INFO 21800 --- [msclients] [main] com.netflix.discovery.DiscoveryClient    : Getting all instance registry info from the eureka server
2024-04-08T08:59:00.158-03:00  INFO 21800 --- [msclients] [main] com.netflix.discovery.DiscoveryClient    : The response status is 200
2024-04-08T08:59:00.160-03:00  INFO 21800 --- [msclients] [main] com.netflix.discovery.DiscoveryClient    : Starting heartbeat executor: renew interval is: 30
2024-04-08T08:59:00.162-03:00  INFO 21800 --- [msclients] [main] c.n.discovery.InstanceInfoReplicator     : InstanceInfoReplicator onDemand update allowed rate per min is 4
2024-04-08T08:59:00.165-03:00  INFO 21800 --- [msclients] [main] com.netflix.discovery.DiscoveryClient    : Discovery Client initialized at timestamp 1712577540164 with initial instances count: 2
2024-04-08T08:59:00.168-03:00  INFO 21800 --- [msclients] [main] o.s.c.n.e.s.EurekaServiceRegistry        : Registering application MSCLIENTS with eureka with status UP
2024-04-08T08:59:00.168-03:00  INFO 21800 --- [msclients] [main] com.netflix.discovery.DiscoveryClient    : Saw local status change event StatusChangeEvent [timestamp=1712577540168, current=UP, previous=STARTING]
2024-04-08T08:59:00.170-03:00  INFO 21800 --- [msclients] [DiscoveryClient-InstanceInfoReplicator-0] com.netflix.discovery.DiscoveryClient    : DiscoveryClient_MSCLIENTS/msclients:3669a315dc69ab3a01375f87d8cae77d: registering service...
2024-04-08T08:59:00.207-03:00  INFO 21800 --- [msclients] [main] c.douglas.msclient.MsclientApplication   : Started MsclientApplication in 6.094 seconds (process running for 6.385)
2024-04-08T08:59:00.251-03:00  INFO 21800 --- [msclients] [DiscoveryClient-InstanceInfoReplicator-0] com.netflix.discovery.DiscoveryClient    : DiscoveryClient_MSCLIENTS/msclients:3669a315dc69ab3a01375f87d8cae77d - registration status: 204
2024-04-08T09:02:24.960-03:00  INFO 9568 --- [mscreditevaluator] [AsyncResolver-bootstrap-executor-0] c.n.d.s.r.aws.ConfigClusterResolver      : Resolving eureka endpoints via configuration
2024-04-08T09:03:59.846-03:00  INFO 21800 --- [msclients] [AsyncResolver-bootstrap-executor-0] c.n.d.s.r.aws.ConfigClusterResolver      : Resolving eureka endpoints via configuration
2024-04-08T09:07:24.972-03:00  INFO 9568 --- [mscreditevaluator] [AsyncResolver-bootstrap-executor-0] c.n.d.s.r.aws.ConfigClusterResolver      : Resolving eureka endpoints via configuration
2024-04-08T09:08:59.856-03:00  INFO 21800 --- [msclients] [AsyncResolver-bootstrap-executor-0] c.n.d.s.r.aws.ConfigClusterResolver      : Resolving eureka endpoints via configuration
2024-04-08T09:11:49.373-03:00  INFO 21800 --- [msclients] [http-nio-auto-1-exec-1] o.a.c.c.C.[Tomcat].[localhost].[/]       : Initializing Spring DispatcherServlet 'dispatcherServlet'
2024-04-08T09:11:49.373-03:00  INFO 21800 --- [msclients] [http-nio-auto-1-exec-1] o.s.web.servlet.DispatcherServlet        : Initializing Servlet 'dispatcherServlet'
2024-04-08T09:11:49.375-03:00  INFO 21800 --- [msclients] [http-nio-auto-1-exec-1] o.s.web.servlet.DispatcherServlet        : Completed initialization in 2 ms
2024-04-08T09:12:03.106-03:00  INFO 9568 --- [mscreditevaluator] [http-nio-auto-1-exec-1] o.a.c.c.C.[Tomcat].[localhost].[/]       : Initializing Spring DispatcherServlet 'dispatcherServlet'
2024-04-08T09:12:03.106-03:00  INFO 9568 --- [mscreditevaluator] [http-nio-auto-1-exec-1] o.s.web.servlet.DispatcherServlet        : Initializing Servlet 'dispatcherServlet'
2024-04-08T09:12:03.107-03:00  INFO 9568 --- [mscreditevaluator] [http-nio-auto-1-exec-1] o.s.web.servlet.DispatcherServlet        : Completed initialization in 1 ms
2024-04-08T09:12:08.783-03:00  INFO 9568 --- [mscreditevaluator] [http-nio-auto-1-exec-2] o.s.a.r.c.CachingConnectionFactory       : Attempting to connect to: [localhost:5672]
2024-04-08T09:12:08.817-03:00  INFO 9568 --- [mscreditevaluator] [http-nio-auto-1-exec-2] o.s.a.r.c.CachingConnectionFactory       : Created new connection: rabbitConnectionFactory#d949bc4:0/SimpleConnection@54e0146b [delegate=amqp://guest@127.0.0.1:5672/, localPort=51335]
2024-04-08T09:12:24.976-03:00  INFO 9568 --- [mscreditevaluator] [AsyncResolver-bootstrap-executor-0] c.n.d.s.r.aws.ConfigClusterResolver      : Resolving eureka endpoints via configuration
2024-04-08T09:13:59.857-03:00  INFO 21800 --- [msclients] [AsyncResolver-bootstrap-executor-0] c.n.d.s.r.aws.ConfigClusterResolver      : Resolving eureka endpoints via configuration
2024-04-08T09:17:24.981-03:00  INFO 9568 --- [mscreditevaluator] [AsyncResolver-bootstrap-executor-0] c.n.d.s.r.aws.ConfigClusterResolver      : Resolving eureka endpoints via configuration
2024-04-08T09:18:59.871-03:00  INFO 21800 --- [msclients] [AsyncResolver-bootstrap-executor-0] c.n.d.s.r.aws.ConfigClusterResolver      : Resolving eureka endpoints via configuration
2024-04-08T09:22:24.987-03:00  INFO 9568 --- [mscreditevaluator] [AsyncResolver-bootstrap-executor-0] c.n.d.s.r.aws.ConfigClusterResolver      : Resolving eureka endpoints via configuration
2024-04-08T09:23:59.873-03:00  INFO 21800 --- [msclients] [AsyncResolver-bootstrap-executor-0] c.n.d.s.r.aws.ConfigClusterResolver      : Resolving eureka endpoints via configuration
2024-04-08T09:27:24.996-03:00  INFO 9568 --- [mscreditevaluator] [AsyncResolver-bootstrap-executor-0] c.n.d.s.r.aws.ConfigClusterResolver      : Resolving eureka endpoints via configuration
2024-04-08T09:28:59.883-03:00  INFO 21800 --- [msclients] [AsyncResolver-bootstrap-executor-0] c.n.d.s.r.aws.ConfigClusterResolver      : Resolving eureka endpoints via configuration
2024-04-08T09:32:24.998-03:00  INFO 9568 --- [mscreditevaluator] [AsyncResolver-bootstrap-executor-0] c.n.d.s.r.aws.ConfigClusterResolver      : Resolving eureka endpoints via configuration
2024-04-08T09:33:59.892-03:00  INFO 21800 --- [msclients] [AsyncResolver-bootstrap-executor-0] c.n.d.s.r.aws.ConfigClusterResolver      : Resolving eureka endpoints via configuration
2024-04-08T09:37:25.002-03:00  INFO 9568 --- [mscreditevaluator] [AsyncResolver-bootstrap-executor-0] c.n.d.s.r.aws.ConfigClusterResolver      : Resolving eureka endpoints via configuration
2024-04-08T09:38:59.894-03:00  INFO 21800 --- [msclients] [AsyncResolver-bootstrap-executor-0] c.n.d.s.r.aws.ConfigClusterResolver      : Resolving eureka endpoints via configuration
2024-04-08T09:42:25.018-03:00  INFO 9568 --- [mscreditevaluator] [AsyncResolver-bootstrap-executor-0] c.n.d.s.r.aws.ConfigClusterResolver      : Resolving eureka endpoints via configuration
2024-04-08T09:43:59.896-03:00  INFO 21800 --- [msclients] [AsyncResolver-bootstrap-executor-0] c.n.d.s.r.aws.ConfigClusterResolver      : Resolving eureka endpoints via configuration
2024-04-08T09:47:25.027-03:00  INFO 9568 --- [mscreditevaluator] [AsyncResolver-bootstrap-executor-0] c.n.d.s.r.aws.ConfigClusterResolver      : Resolving eureka endpoints via configuration
2024-04-08T09:48:59.901-03:00  INFO 21800 --- [msclients] [AsyncResolver-bootstrap-executor-0] c.n.d.s.r.aws.ConfigClusterResolver      : Resolving eureka endpoints via configuration
2024-04-08T09:52:25.039-03:00  INFO 9568 --- [mscreditevaluator] [AsyncResolver-bootstrap-executor-0] c.n.d.s.r.aws.ConfigClusterResolver      : Resolving eureka endpoints via configuration
2024-04-08T09:53:59.908-03:00  INFO 21800 --- [msclients] [AsyncResolver-bootstrap-executor-0] c.n.d.s.r.aws.ConfigClusterResolver      : Resolving eureka endpoints via configuration
2024-04-08T09:57:25.040-03:00  INFO 9568 --- [mscreditevaluator] [AsyncResolver-bootstrap-executor-0] c.n.d.s.r.aws.ConfigClusterResolver      : Resolving eureka endpoints via configuration
2024-04-08T09:58:59.912-03:00  INFO 21800 --- [msclients] [AsyncResolver-bootstrap-executor-0] c.n.d.s.r.aws.ConfigClusterResolver      : Resolving eureka endpoints via configuration
2024-04-08T10:02:25.049-03:00  INFO 9568 --- [mscreditevaluator] [AsyncResolver-bootstrap-executor-0] c.n.d.s.r.aws.ConfigClusterResolver      : Resolving eureka endpoints via configuration
2024-04-08T10:03:59.922-03:00  INFO 21800 --- [msclients] [AsyncResolver-bootstrap-executor-0] c.n.d.s.r.aws.ConfigClusterResolver      : Resolving eureka endpoints via configuration
2024-04-08T10:07:25.053-03:00  INFO 9568 --- [mscreditevaluator] [AsyncResolver-bootstrap-executor-0] c.n.d.s.r.aws.ConfigClusterResolver      : Resolving eureka endpoints via configuration
2024-04-08T10:08:59.930-03:00  INFO 21800 --- [msclients] [AsyncResolver-bootstrap-executor-0] c.n.d.s.r.aws.ConfigClusterResolver      : Resolving eureka endpoints via configuration
2024-04-08T10:12:25.055-03:00  INFO 9568 --- [mscreditevaluator] [AsyncResolver-bootstrap-executor-0] c.n.d.s.r.aws.ConfigClusterResolver      : Resolving eureka endpoints via configuration
2024-04-08T10:13:59.938-03:00  INFO 21800 --- [msclients] [AsyncResolver-bootstrap-executor-0] c.n.d.s.r.aws.ConfigClusterResolver      : Resolving eureka endpoints via configuration
2024-04-08T10:17:25.071-03:00  INFO 9568 --- [mscreditevaluator] [AsyncResolver-bootstrap-executor-0] c.n.d.s.r.aws.ConfigClusterResolver      : Resolving eureka endpoints via configuration
2024-04-08T10:18:59.941-03:00  INFO 21800 --- [msclients] [AsyncResolver-bootstrap-executor-0] c.n.d.s.r.aws.ConfigClusterResolver      : Resolving eureka endpoints via configuration
2024-04-08T10:22:25.072-03:00  INFO 9568 --- [mscreditevaluator] [AsyncResolver-bootstrap-executor-0] c.n.d.s.r.aws.ConfigClusterResolver      : Resolving eureka endpoints via configuration
2024-04-08T10:23:59.951-03:00  INFO 21800 --- [msclients] [AsyncResolver-bootstrap-executor-0] c.n.d.s.r.aws.ConfigClusterResolver      : Resolving eureka endpoints via configuration
2024-04-08T10:27:25.078-03:00  INFO 9568 --- [mscreditevaluator] [AsyncResolver-bootstrap-executor-0] c.n.d.s.r.aws.ConfigClusterResolver      : Resolving eureka endpoints via configuration
2024-04-08T10:28:59.963-03:00  INFO 21800 --- [msclients] [AsyncResolver-bootstrap-executor-0] c.n.d.s.r.aws.ConfigClusterResolver      : Resolving eureka endpoints via configuration
2024-04-08T10:32:25.082-03:00  INFO 9568 --- [mscreditevaluator] [AsyncResolver-bootstrap-executor-0] c.n.d.s.r.aws.ConfigClusterResolver      : Resolving eureka endpoints via configuration
2024-04-08T10:33:59.980-03:00  INFO 21800 --- [msclients] [AsyncResolver-bootstrap-executor-0] c.n.d.s.r.aws.ConfigClusterResolver      : Resolving eureka endpoints via configuration
2024-04-08T10:37:25.098-03:00  INFO 9568 --- [mscreditevaluator] [AsyncResolver-bootstrap-executor-0] c.n.d.s.r.aws.ConfigClusterResolver      : Resolving eureka endpoints via configuration
2024-04-08T10:38:59.984-03:00  INFO 21800 --- [msclients] [AsyncResolver-bootstrap-executor-0] c.n.d.s.r.aws.ConfigClusterResolver      : Resolving eureka endpoints via configuration
2024-04-08T10:42:25.102-03:00  INFO 9568 --- [mscreditevaluator] [AsyncResolver-bootstrap-executor-0] c.n.d.s.r.aws.ConfigClusterResolver      : Resolving eureka endpoints via configuration
2024-04-08T10:43:59.999-03:00  INFO 21800 --- [msclients] [AsyncResolver-bootstrap-executor-0] c.n.d.s.r.aws.ConfigClusterResolver      : Resolving eureka endpoints via configuration
2024-04-08T10:47:25.104-03:00  INFO 9568 --- [mscreditevaluator] [AsyncResolver-bootstrap-executor-0] c.n.d.s.r.aws.ConfigClusterResolver      : Resolving eureka endpoints via configuration
2024-04-08T10:49:00.007-03:00  INFO 21800 --- [msclients] [AsyncResolver-bootstrap-executor-0] c.n.d.s.r.aws.ConfigClusterResolver      : Resolving eureka endpoints via configuration
2024-04-08T10:52:25.111-03:00  INFO 9568 --- [mscreditevaluator] [AsyncResolver-bootstrap-executor-0] c.n.d.s.r.aws.ConfigClusterResolver      : Resolving eureka endpoints via configuration
2024-04-08T10:54:00.013-03:00  INFO 21800 --- [msclients] [AsyncResolver-bootstrap-executor-0] c.n.d.s.r.aws.ConfigClusterResolver      : Resolving eureka endpoints via configuration
2024-04-08T10:57:25.118-03:00  INFO 9568 --- [mscreditevaluator] [AsyncResolver-bootstrap-executor-0] c.n.d.s.r.aws.ConfigClusterResolver      : Resolving eureka endpoints via configuration
2024-04-08T10:59:00.026-03:00  INFO 21800 --- [msclients] [AsyncResolver-bootstrap-executor-0] c.n.d.s.r.aws.ConfigClusterResolver      : Resolving eureka endpoints via configuration
2024-04-08T11:02:25.127-03:00  INFO 9568 --- [mscreditevaluator] [AsyncResolver-bootstrap-executor-0] c.n.d.s.r.aws.ConfigClusterResolver      : Resolving eureka endpoints via configuration
2024-04-08T11:04:00.028-03:00  INFO 21800 --- [msclients] [AsyncResolver-bootstrap-executor-0] c.n.d.s.r.aws.ConfigClusterResolver      : Resolving eureka endpoints via configuration
2024-04-08T11:07:25.134-03:00  INFO 9568 --- [mscreditevaluator] [AsyncResolver-bootstrap-executor-0] c.n.d.s.r.aws.ConfigClusterResolver      : Resolving eureka endpoints via configuration
2024-04-08T11:09:00.041-03:00  INFO 21800 --- [msclients] [AsyncResolver-bootstrap-executor-0] c.n.d.s.r.aws.ConfigClusterResolver      : Resolving eureka endpoints via configuration
2024-04-08T11:12:25.147-03:00  INFO 9568 --- [mscreditevaluator] [AsyncResolver-bootstrap-executor-0] c.n.d.s.r.aws.ConfigClusterResolver      : Resolving eureka endpoints via configuration
2024-04-08T11:14:00.045-03:00  INFO 21800 --- [msclients] [AsyncResolver-bootstrap-executor-0] c.n.d.s.r.aws.ConfigClusterResolver      : Resolving eureka endpoints via configuration
2024-04-08T11:17:25.152-03:00  INFO 9568 --- [mscreditevaluator] [AsyncResolver-bootstrap-executor-0] c.n.d.s.r.aws.ConfigClusterResolver      : Resolving eureka endpoints via configuration
2024-04-08T11:19:00.064-03:00  INFO 21800 --- [msclients] [AsyncResolver-bootstrap-executor-0] c.n.d.s.r.aws.ConfigClusterResolver      : Resolving eureka endpoints via configuration
2024-04-08T11:22:25.155-03:00  INFO 9568 --- [mscreditevaluator] [AsyncResolver-bootstrap-executor-0] c.n.d.s.r.aws.ConfigClusterResolver      : Resolving eureka endpoints via configuration
2024-04-08T11:24:00.066-03:00  INFO 21800 --- [msclients] [AsyncResolver-bootstrap-executor-0] c.n.d.s.r.aws.ConfigClusterResolver      : Resolving eureka endpoints via configuration
2024-04-08T11:27:25.162-03:00  INFO 9568 --- [mscreditevaluator] [AsyncResolver-bootstrap-executor-0] c.n.d.s.r.aws.ConfigClusterResolver      : Resolving eureka endpoints via configuration
2024-04-08T11:29:00.080-03:00  INFO 21800 --- [msclients] [AsyncResolver-bootstrap-executor-0] c.n.d.s.r.aws.ConfigClusterResolver      : Resolving eureka endpoints via configuration
2024-04-08T11:32:25.167-03:00  INFO 9568 --- [mscreditevaluator] [AsyncResolver-bootstrap-executor-0] c.n.d.s.r.aws.ConfigClusterResolver      : Resolving eureka endpoints via configuration
2024-04-08T11:34:00.084-03:00  INFO 21800 --- [msclients] [AsyncResolver-bootstrap-executor-0] c.n.d.s.r.aws.ConfigClusterResolver      : Resolving eureka endpoints via configuration
2024-04-08T11:37:25.173-03:00  INFO 9568 --- [mscreditevaluator] [AsyncResolver-bootstrap-executor-0] c.n.d.s.r.aws.ConfigClusterResolver      : Resolving eureka endpoints via configuration
2024-04-08T11:39:00.093-03:00  INFO 21800 --- [msclients] [AsyncResolver-bootstrap-executor-0] c.n.d.s.r.aws.ConfigClusterResolver      : Resolving eureka endpoints via configuration
2024-04-08T11:42:25.189-03:00  INFO 9568 --- [mscreditevaluator] [AsyncResolver-bootstrap-executor-0] c.n.d.s.r.aws.ConfigClusterResolver      : Resolving eureka endpoints via configuration
2024-04-08T11:44:00.095-03:00  INFO 21800 --- [msclients] [AsyncResolver-bootstrap-executor-0] c.n.d.s.r.aws.ConfigClusterResolver      : Resolving eureka endpoints via configuration
2024-04-08T11:47:25.198-03:00  INFO 9568 --- [mscreditevaluator] [AsyncResolver-bootstrap-executor-0] c.n.d.s.r.aws.ConfigClusterResolver      : Resolving eureka endpoints via configuration
2024-04-08T11:49:00.105-03:00  INFO 21800 --- [msclients] [AsyncResolver-bootstrap-executor-0] c.n.d.s.r.aws.ConfigClusterResolver      : Resolving eureka endpoints via configuration
2024-04-08T11:52:25.204-03:00  INFO 9568 --- [mscreditevaluator] [AsyncResolver-bootstrap-executor-0] c.n.d.s.r.aws.ConfigClusterResolver      : Resolving eureka endpoints via configuration
2024-04-08T11:54:00.120-03:00  INFO 21800 --- [msclients] [AsyncResolver-bootstrap-executor-0] c.n.d.s.r.aws.ConfigClusterResolver      : Resolving eureka endpoints via configuration
2024-04-08T11:57:25.212-03:00  INFO 9568 --- [mscreditevaluator] [AsyncResolver-bootstrap-executor-0] c.n.d.s.r.aws.ConfigClusterResolver      : Resolving eureka endpoints via configuration
2024-04-08T11:59:00.126-03:00  INFO 21800 --- [msclients] [AsyncResolver-bootstrap-executor-0] c.n.d.s.r.aws.ConfigClusterResolver      : Resolving eureka endpoints via configuration
2024-04-08T12:02:25.227-03:00  INFO 9568 --- [mscreditevaluator] [AsyncResolver-bootstrap-executor-0] c.n.d.s.r.aws.ConfigClusterResolver      : Resolving eureka endpoints via configuration
2024-04-08T12:04:00.130-03:00  INFO 21800 --- [msclients] [AsyncResolver-bootstrap-executor-0] c.n.d.s.r.aws.ConfigClusterResolver      : Resolving eureka endpoints via configuration
2024-04-08T12:07:25.241-03:00  INFO 9568 --- [mscreditevaluator] [AsyncResolver-bootstrap-executor-0] c.n.d.s.r.aws.ConfigClusterResolver      : Resolving eureka endpoints via configuration
2024-04-08T12:09:00.143-03:00  INFO 21800 --- [msclients] [AsyncResolver-bootstrap-executor-0] c.n.d.s.r.aws.ConfigClusterResolver      : Resolving eureka endpoints via configuration
2024-04-08T12:12:25.248-03:00  INFO 9568 --- [mscreditevaluator] [AsyncResolver-bootstrap-executor-0] c.n.d.s.r.aws.ConfigClusterResolver      : Resolving eureka endpoints via configuration
2024-04-08T12:14:00.144-03:00  INFO 21800 --- [msclients] [AsyncResolver-bootstrap-executor-0] c.n.d.s.r.aws.ConfigClusterResolver      : Resolving eureka endpoints via configuration
2024-04-08T12:17:25.261-03:00  INFO 9568 --- [mscreditevaluator] [AsyncResolver-bootstrap-executor-0] c.n.d.s.r.aws.ConfigClusterResolver      : Resolving eureka endpoints via configuration
2024-04-08T12:19:00.155-03:00  INFO 21800 --- [msclients] [AsyncResolver-bootstrap-executor-0] c.n.d.s.r.aws.ConfigClusterResolver      : Resolving eureka endpoints via configuration
2024-04-08T12:22:25.264-03:00  INFO 9568 --- [mscreditevaluator] [AsyncResolver-bootstrap-executor-0] c.n.d.s.r.aws.ConfigClusterResolver      : Resolving eureka endpoints via configuration
2024-04-08T12:24:00.156-03:00  INFO 21800 --- [msclients] [AsyncResolver-bootstrap-executor-0] c.n.d.s.r.aws.ConfigClusterResolver      : Resolving eureka endpoints via configuration
2024-04-08T12:27:25.279-03:00  INFO 9568 --- [mscreditevaluator] [AsyncResolver-bootstrap-executor-0] c.n.d.s.r.aws.ConfigClusterResolver      : Resolving eureka endpoints via configuration
2024-04-08T12:29:00.169-03:00  INFO 21800 --- [msclients] [AsyncResolver-bootstrap-executor-0] c.n.d.s.r.aws.ConfigClusterResolver      : Resolving eureka endpoints via configuration
2024-04-08T12:32:25.282-03:00  INFO 9568 --- [mscreditevaluator] [AsyncResolver-bootstrap-executor-0] c.n.d.s.r.aws.ConfigClusterResolver      : Resolving eureka endpoints via configuration
2024-04-08T12:34:00.184-03:00  INFO 21800 --- [msclients] [AsyncResolver-bootstrap-executor-0] c.n.d.s.r.aws.ConfigClusterResolver      : Resolving eureka endpoints via configuration
2024-04-08T12:37:25.296-03:00  INFO 9568 --- [mscreditevaluator] [AsyncResolver-bootstrap-executor-0] c.n.d.s.r.aws.ConfigClusterResolver      : Resolving eureka endpoints via configuration
2024-04-08T12:39:00.193-03:00  INFO 21800 --- [msclients] [AsyncResolver-bootstrap-executor-0] c.n.d.s.r.aws.ConfigClusterResolver      : Resolving eureka endpoints via configuration
2024-04-08T12:42:25.310-03:00  INFO 9568 --- [mscreditevaluator] [AsyncResolver-bootstrap-executor-0] c.n.d.s.r.aws.ConfigClusterResolver      : Resolving eureka endpoints via configuration
2024-04-08T12:44:00.194-03:00  INFO 21800 --- [msclients] [AsyncResolver-bootstrap-executor-0] c.n.d.s.r.aws.ConfigClusterResolver      : Resolving eureka endpoints via configuration
2024-04-08T12:47:25.315-03:00  INFO 9568 --- [mscreditevaluator] [AsyncResolver-bootstrap-executor-0] c.n.d.s.r.aws.ConfigClusterResolver      : Resolving eureka endpoints via configuration
2024-04-08T12:49:00.202-03:00  INFO 21800 --- [msclients] [AsyncResolver-bootstrap-executor-0] c.n.d.s.r.aws.ConfigClusterResolver      : Resolving eureka endpoints via configuration
2024-04-08T12:52:25.326-03:00  INFO 9568 --- [mscreditevaluator] [AsyncResolver-bootstrap-executor-0] c.n.d.s.r.aws.ConfigClusterResolver      : Resolving eureka endpoints via configuration
2024-04-08T12:54:00.211-03:00  INFO 21800 --- [msclients] [AsyncResolver-bootstrap-executor-0] c.n.d.s.r.aws.ConfigClusterResolver      : Resolving eureka endpoints via configuration
2024-04-08T12:57:25.336-03:00  INFO 9568 --- [mscreditevaluator] [AsyncResolver-bootstrap-executor-0] c.n.d.s.r.aws.ConfigClusterResolver      : Resolving eureka endpoints via configuration
2024-04-08T12:59:00.217-03:00  INFO 21800 --- [msclients] [AsyncResolver-bootstrap-executor-0] c.n.d.s.r.aws.ConfigClusterResolver      : Resolving eureka endpoints via configuration
2024-04-08T13:02:25.343-03:00  INFO 9568 --- [mscreditevaluator] [AsyncResolver-bootstrap-executor-0] c.n.d.s.r.aws.ConfigClusterResolver      : Resolving eureka endpoints via configuration
2024-04-08T13:04:00.232-03:00  INFO 21800 --- [msclients] [AsyncResolver-bootstrap-executor-0] c.n.d.s.r.aws.ConfigClusterResolver      : Resolving eureka endpoints via configuration
2024-04-08T13:07:25.359-03:00  INFO 9568 --- [mscreditevaluator] [AsyncResolver-bootstrap-executor-0] c.n.d.s.r.aws.ConfigClusterResolver      : Resolving eureka endpoints via configuration
2024-04-08T13:09:00.247-03:00  INFO 21800 --- [msclients] [AsyncResolver-bootstrap-executor-0] c.n.d.s.r.aws.ConfigClusterResolver      : Resolving eureka endpoints via configuration
2024-04-08T13:12:25.369-03:00  INFO 9568 --- [mscreditevaluator] [AsyncResolver-bootstrap-executor-0] c.n.d.s.r.aws.ConfigClusterResolver      : Resolving eureka endpoints via configuration
2024-04-08T13:14:00.255-03:00  INFO 21800 --- [msclients] [AsyncResolver-bootstrap-executor-0] c.n.d.s.r.aws.ConfigClusterResolver      : Resolving eureka endpoints via configuration
2024-04-08T13:17:25.372-03:00  INFO 9568 --- [mscreditevaluator] [AsyncResolver-bootstrap-executor-0] c.n.d.s.r.aws.ConfigClusterResolver      : Resolving eureka endpoints via configuration
2024-04-08T13:19:00.263-03:00  INFO 21800 --- [msclients] [AsyncResolver-bootstrap-executor-0] c.n.d.s.r.aws.ConfigClusterResolver      : Resolving eureka endpoints via configuration
2024-04-08T13:22:25.386-03:00  INFO 9568 --- [mscreditevaluator] [AsyncResolver-bootstrap-executor-0] c.n.d.s.r.aws.ConfigClusterResolver      : Resolving eureka endpoints via configuration
2024-04-08T13:24:00.278-03:00  INFO 21800 --- [msclients] [AsyncResolver-bootstrap-executor-0] c.n.d.s.r.aws.ConfigClusterResolver      : Resolving eureka endpoints via configuration
2024-04-08T13:27:25.392-03:00  INFO 9568 --- [mscreditevaluator] [AsyncResolver-bootstrap-executor-0] c.n.d.s.r.aws.ConfigClusterResolver      : Resolving eureka endpoints via configuration
2024-04-08T13:29:00.290-03:00  INFO 21800 --- [msclients] [AsyncResolver-bootstrap-executor-0] c.n.d.s.r.aws.ConfigClusterResolver      : Resolving eureka endpoints via configuration
2024-04-08T13:32:25.407-03:00  INFO 9568 --- [mscreditevaluator] [AsyncResolver-bootstrap-executor-0] c.n.d.s.r.aws.ConfigClusterResolver      : Resolving eureka endpoints via configuration
2024-04-08T13:34:00.305-03:00  INFO 21800 --- [msclients] [AsyncResolver-bootstrap-executor-0] c.n.d.s.r.aws.ConfigClusterResolver      : Resolving eureka endpoints via configuration
2024-04-08T13:37:25.409-03:00  INFO 9568 --- [mscreditevaluator] [AsyncResolver-bootstrap-executor-0] c.n.d.s.r.aws.ConfigClusterResolver      : Resolving eureka endpoints via configuration
2024-04-08T13:39:00.309-03:00  INFO 21800 --- [msclients] [AsyncResolver-bootstrap-executor-0] c.n.d.s.r.aws.ConfigClusterResolver      : Resolving eureka endpoints via configuration
2024-04-08T13:42:25.412-03:00  INFO 9568 --- [mscreditevaluator] [AsyncResolver-bootstrap-executor-0] c.n.d.s.r.aws.ConfigClusterResolver      : Resolving eureka endpoints via configuration
2024-04-08T13:44:00.319-03:00  INFO 21800 --- [msclients] [AsyncResolver-bootstrap-executor-0] c.n.d.s.r.aws.ConfigClusterResolver      : Resolving eureka endpoints via configuration
2024-04-08T13:47:25.424-03:00  INFO 9568 --- [mscreditevaluator] [AsyncResolver-bootstrap-executor-0] c.n.d.s.r.aws.ConfigClusterResolver      : Resolving eureka endpoints via configuration
2024-04-08T13:49:00.325-03:00  INFO 21800 --- [msclients] [AsyncResolver-bootstrap-executor-0] c.n.d.s.r.aws.ConfigClusterResolver      : Resolving eureka endpoints via configuration
2024-04-08T13:52:25.433-03:00  INFO 9568 --- [mscreditevaluator] [AsyncResolver-bootstrap-executor-0] c.n.d.s.r.aws.ConfigClusterResolver      : Resolving eureka endpoints via configuration
2024-04-08T13:54:00.336-03:00  INFO 21800 --- [msclients] [AsyncResolver-bootstrap-executor-0] c.n.d.s.r.aws.ConfigClusterResolver      : Resolving eureka endpoints via configuration
